<?xml version="1.0" encoding="UTF-8"?>
<!-- Generated by org.testng.reporters.JUnitReportReporter -->
<testsuite hostname="Rv-Prasad" failures="0" tests="2" name="com.testng.pack1.NewTest1" time="21.867" errors="0" timestamp="2020-07-30T09:33:18 IST" skipped="0">
  <testcase classname="com.testng.pack1.NewTest1" name="f" time="10.381"/>
  <system-out/>
  <testcase classname="com.testng.pack1.NewTest1" name="f" time="11.486"/>
  <system-out/>
</testsuite> <!-- com.testng.pack1.NewTest1 -->
